<?xml version="1.0" encoding="UTF-8"?>
<!-- Generated by org.testng.reporters.JUnitReportReporter -->
<testsuite skipped="0" hostname="CBT-MH-005" name="AutomationTesting1.Travels.testcase1" tests="1" failures="0" timestamp="11 Oct 2019 12:08:31 GMT" time="15.098" errors="0">
  <testcase name="method" time="15.098" classname="AutomationTesting1.Travels.testcase1"/>
</testsuite> <!-- AutomationTesting1.Travels.testcase1 -->
