<?xml version="1.0" encoding="UTF-8"?>
<!-- Generated by org.testng.reporters.JUnitReportReporter -->
<testsuite skipped="0" hostname="CBT-MH-005" name="AutomationTesting1.Travels.testcase3" tests="1" failures="0" timestamp="11 Oct 2019 12:12:32 GMT" time="22.542" errors="0">
  <testcase name="method1" time="22.542" classname="AutomationTesting1.Travels.testcase3"/>
</testsuite> <!-- AutomationTesting1.Travels.testcase3 -->
