<?xml version="1.0" encoding="UTF-8"?>
<!-- Generated by org.testng.reporters.JUnitReportReporter -->
<testsuite skipped="0" hostname="CBT-MH-005" name="AutomationTesting1.Travels.testcase4" tests="1" failures="0" timestamp="11 Oct 2019 12:13:57 GMT" time="20.982" errors="0">
  <testcase name="method2" time="20.982" classname="AutomationTesting1.Travels.testcase4"/>
</testsuite> <!-- AutomationTesting1.Travels.testcase4 -->
